app/build/outputs/logs/manifest-merger-debug-report.txt
-- Merging decision tree log ---
manifest
ADDED from src\main\AndroidManifest.xml:2:1-72:12
INJECTED from src\main\AndroidManifest.xml:2:1-72:12
INJECTED from src\main\AndroidManifest.xml:2:1-72:12
INJECTED from src\main\AndroidManifest.xml:2:1-72:12
MERGED from [com.android.support:design:26.1.0] AndroidManifest.xml:17:1-31:12
MERGED from [com.android.support:appcompat-v7:26.1.0] AndroidManifest.xml:17:1-31:12
MERGED from [com.amitshekhar.android:debug-db:1.0.3] AndroidManifest.xml:20:1-40:12
MERGED from [android.arch.persistence.room:runtime:1.0.0] AndroidManifest.xml:17:1-24:12
MERGED from [com.android.support:support-v13:26.1.0] AndroidManifest.xml:17:1-31:12
MERGED from [com.android.support:transition:26.1.0] AndroidManifest.xml:17:1-28:12
MERGED from [com.google.firebase:firebase-auth:15.1.0] AndroidManifest.xml:17:1-38:12
MERGED from [com.google.firebase:firebase-database:15.0.1] AndroidManifest.xml:2:1-8:12
MERGED from [com.google.android.gms:play-services-flags:15.0.1] AndroidManifest.xml:17:1-22:12
MERGED from [com.google.firebase:firebase-auth-interop:15.0.2] AndroidManifest.xml:2:1-10:12
MERGED from [com.google.firebase:firebase-core:15.0.2] AndroidManifest.xml:2:1-9:12
MERGED from [com.google.firebase:firebase-measurement-connector-impl:15.0.0] AndroidManifest.xml:17:1-34:12
MERGED from [com.google.firebase:firebase-database-connection:15.0.1] AndroidManifest.xml:2:1-8:12
MERGED from [com.google.firebase:firebase-analytics:15.0.2] AndroidManifest.xml:17:1-55:12
MERGED from [com.google.firebase:firebase-analytics-impl:15.0.2] AndroidManifest.xml:17:1-41:12
MERGED from [com.google.firebase:firebase-iid:15.1.0] AndroidManifest.xml:17:1-65:12
MERGED from [com.google.firebase:firebase-iid-interop:15.0.0] AndroidManifest.xml:2:1-10:12
MERGED from [com.google.android.gms:play-services-base:15.0.1] AndroidManifest.xml:17:1-29:12
MERGED from [com.google.firebase:firebase-common:15.0.1] AndroidManifest.xml:2:1-15:12
MERGED from [com.google.android.gms:play-services-tasks:15.0.1] AndroidManifest.xml:2:1-9:12
MERGED from [com.google.firebase:firebase-database-collection:15.0.1] AndroidManifest.xml:2:1-8:12
MERGED from [com.google.android.gms:play-services-stats:15.0.1] AndroidManifest.xml:2:1-9:12
MERGED from [com.google.firebase:firebase-measurement-connector:15.0.0] AndroidManifest.xml:17:1-25:12
MERGED from [com.google.android.gms:play-services-ads-identifier:15.0.1] AndroidManifest.xml:17:1-24:12
MERGED from [com.google.android.gms:play-services-basement:15.0.1] AndroidManifest.xml:17:1-28:12
MERGED from [com.android.support:support-v4:26.1.0] AndroidManifest.xml:17:1-31:12
MERGED from [com.android.support:support-fragment:26.1.0] AndroidManifest.xml:17:1-31:12
MERGED from [com.android.support:support-core-utils:26.1.0] AndroidManifest.xml:17:1-31:12
MERGED from [de.hdodenhof:circleimageview:2.2.0] AndroidManifest.xml:2:1-11:12
MERGED from [com.android.support.constraint:constraint-layout:1.1.0] AndroidManifest.xml:2:1-11:12
MERGED from [com.pixplicity.easyprefs:library:1.9.0] AndroidManifest.xml:2:1-12:12
MERGED from [com.microsoft.projectoxford:face:1.4.3] AndroidManifest.xml:2:1-10:12
MERGED from [com.android.support:animated-vector-drawable:26.1.0] AndroidManifest.xml:17:1-28:12
MERGED from [com.android.support:support-vector-drawable:26.1.0] AndroidManifest.xml:17:1-28:12
MERGED from [com.android.support:recyclerview-v7:26.1.0] AndroidManifest.xml:17:1-28:12
MERGED from [com.android.support:support-media-compat:26.1.0] AndroidManifest.xml:17:1-31:12
MERGED from [com.android.support:support-core-ui:26.1.0] AndroidManifest.xml:17:1-31:12
MERGED from [com.android.support:support-compat:26.1.0] AndroidManifest.xml:17:1-31:12
MERGED from [android.arch.persistence:db-framework:1.0.0] AndroidManifest.xml:17:1-24:12
MERGED from [android.arch.persistence:db:1.0.0] AndroidManifest.xml:17:1-24:12
MERGED from [android.arch.core:runtime:1.0.0] AndroidManifest.xml:17:1-24:12
MERGED from [android.arch.lifecycle:runtime:1.0.0] AndroidManifest.xml:17:1-30:12
MERGED from [net.zetetic:android-database-sqlcipher:3.5.7] AndroidManifest.xml:2:1-4:12
MERGED from [com.google.android.gms:play-services-measurement-base:15.0.2] AndroidManifest.xml:17:1-24:12
INJECTED from src\main\AndroidManifest.xml:2:1-72:12
INJECTED from src\main\AndroidManifest.xml:2:1-72:12
INJECTED from src\main\AndroidManifest.xml:2:1-72:12
	package
		ADDED from src\main\AndroidManifest.xml:3:5-39
		INJECTED from src\main\AndroidManifest.xml
		INJECTED from src\main\AndroidManifest.xml
	android:versionName
		INJECTED from src\main\AndroidManifest.xml
		ADDED from src\main\AndroidManifest.xml:2:1-72:12
		INJECTED from src\main\AndroidManifest.xml
	android:versionCode
		INJECTED from src\main\AndroidManifest.xml
		ADDED from src\main\AndroidManifest.xml:2:1-72:12
		INJECTED from src\main\AndroidManifest.xml
	xmlns:android
		ADDED from src\main\AndroidManifest.xml:2:11-69
uses-permission#android.permission.INTERNET
ADDED from src\main\AndroidManifest.xml:5:5-67
MERGED from [com.amitshekhar.android:debug-db:1.0.3] AndroidManifest.xml:29:5-67
MERGED from [com.amitshekhar.android:debug-db:1.0.3] AndroidManifest.xml:29:5-67
MERGED from [com.google.firebase:firebase-measurement-connector-impl:15.0.0] AndroidManifest.xml:22:5-67
MERGED from [com.google.firebase:firebase-measurement-connector-impl:15.0.0] AndroidManifest.xml:22:5-67
MERGED from [com.google.firebase:firebase-analytics:15.0.2] AndroidManifest.xml:23:5-67
MERGED from [com.google.firebase:firebase-analytics:15.0.2] AndroidManifest.xml:23:5-67
MERGED from [com.google.firebase:firebase-analytics-impl:15.0.2] AndroidManifest.xml:23:5-67
MERGED from [com.google.firebase:firebase-analytics-impl:15.0.2] AndroidManifest.xml:23:5-67
MERGED from [com.google.firebase:firebase-iid:15.1.0] AndroidManifest.xml:23:5-67
MERGED from [com.google.firebase:firebase-iid:15.1.0] AndroidManifest.xml:23:5-67
	android:name
		ADDED from src\main\AndroidManifest.xml:5:22-64
uses-permission#android.permission.WRITE_EXTERNAL_STORAGE
ADDED from src\main\AndroidManifest.xml:6:5-81
	android:name
		ADDED from src\main\AndroidManifest.xml:6:22-78
uses-permission#android.permission.READ_EXTERNAL_STORAGE
ADDED from src\main\AndroidManifest.xml:7:5-80
	android:name
		ADDED from src\main\AndroidManifest.xml:7:22-77
uses-feature#android.hardware.camera
ADDED from src\main\AndroidManifest.xml:9:5-60
	android:name
		ADDED from src\main\AndroidManifest.xml:9:19-57
uses-feature#android.hardware.camera.autofocus
ADDED from src\main\AndroidManifest.xml:10:5-12:36
	android:required
		ADDED from src\main\AndroidManifest.xml:12:9-33
	android:name
		ADDED from src\main\AndroidManifest.xml:11:9-57
uses-feature#android.hardware.camera.flash
ADDED from src\main\AndroidManifest.xml:13:5-15:36
	android:required
		ADDED from src\main\AndroidManifest.xml:15:9-33
	android:name
		ADDED from src\main\AndroidManifest.xml:14:9-53
application
ADDED from src\main\AndroidManifest.xml:17:5-70:19
MERGED from [com.android.support:design:26.1.0] AndroidManifest.xml:25:5-29:19
MERGED from [com.android.support:design:26.1.0] AndroidManifest.xml:25:5-29:19
MERGED from [com.android.support:appcompat-v7:26.1.0] AndroidManifest.xml:25:5-29:19
MERGED from [com.android.support:appcompat-v7:26.1.0] AndroidManifest.xml:25:5-29:19
MERGED from [com.amitshekhar.android:debug-db:1.0.3] AndroidManifest.xml:32:5-38:19
MERGED from [com.amitshekhar.android:debug-db:1.0.3] AndroidManifest.xml:32:5-38:19
MERGED from [com.android.support:support-v13:26.1.0] AndroidManifest.xml:25:5-29:19
MERGED from [com.android.support:support-v13:26.1.0] AndroidManifest.xml:25:5-29:19
MERGED from [com.android.support:transition:26.1.0] AndroidManifest.xml:22:5-26:19
MERGED from [com.android.support:transition:26.1.0] AndroidManifest.xml:22:5-26:19
MERGED from [com.google.firebase:firebase-auth:15.1.0] AndroidManifest.xml:22:5-36:19
MERGED from [com.google.firebase:firebase-auth:15.1.0] AndroidManifest.xml:22:5-36:19
MERGED from [com.google.firebase:firebase-auth-interop:15.0.2] AndroidManifest.xml:7:5-8:19
MERGED from [com.google.firebase:firebase-auth-interop:15.0.2] AndroidManifest.xml:7:5-8:19
MERGED from [com.google.firebase:firebase-core:15.0.2] AndroidManifest.xml:7:5-20
MERGED from [com.google.firebase:firebase-core:15.0.2] AndroidManifest.xml:7:5-20
MERGED from [com.google.firebase:firebase-measurement-connector-impl:15.0.0] AndroidManifest.xml:26:5-32:19
MERGED from [com.google.firebase:firebase-measurement-connector-impl:15.0.0] AndroidManifest.xml:26:5-32:19
MERGED from [com.google.firebase:firebase-analytics:15.0.2] AndroidManifest.xml:28:5-53:19
MERGED from [com.google.firebase:firebase-analytics:15.0.2] AndroidManifest.xml:28:5-53:19
MERGED from [com.google.firebase:firebase-analytics-impl:15.0.2] AndroidManifest.xml:28:5-39:19
MERGED from [com.google.firebase:firebase-analytics-impl:15.0.2] AndroidManifest.xml:28:5-39:19
MERGED from [com.google.firebase:firebase-iid:15.1.0] AndroidManifest.xml:34:5-63:19
MERGED from [com.google.firebase:firebase-iid:15.1.0] AndroidManifest.xml:34:5-63:19
MERGED from [com.google.firebase:firebase-iid-interop:15.0.0] AndroidManifest.xml:7:5-8:19
MERGED from [com.google.firebase:firebase-iid-interop:15.0.0] AndroidManifest.xml:7:5-8:19
MERGED from [com.google.android.gms:play-services-base:15.0.1] AndroidManifest.xml:22:5-27:19
MERGED from [com.google.android.gms:play-services-base:15.0.1] AndroidManifest.xml:22:5-27:19
MERGED from [com.google.firebase:firebase-common:15.0.1] AndroidManifest.xml:7:5-13:19
MERGED from [com.google.firebase:firebase-common:15.0.1] AndroidManifest.xml:7:5-13:19
MERGED from [com.google.android.gms:play-services-tasks:15.0.1] AndroidManifest.xml:7:5-20
MERGED from [com.google.android.gms:play-services-tasks:15.0.1] AndroidManifest.xml:7:5-20
MERGED from [com.google.android.gms:play-services-stats:15.0.1] AndroidManifest.xml:7:5-20
MERGED from [com.google.android.gms:play-services-stats:15.0.1] AndroidManifest.xml:7:5-20
MERGED from [com.google.firebase:firebase-measurement-connector:15.0.0] AndroidManifest.xml:22:5-23:19
MERGED from [com.google.firebase:firebase-measurement-connector:15.0.0] AndroidManifest.xml:22:5-23:19
MERGED from [com.google.android.gms:play-services-ads-identifier:15.0.1] AndroidManifest.xml:22:5-20
MERGED from [com.google.android.gms:play-services-ads-identifier:15.0.1] AndroidManifest.xml:22:5-20
MERGED from [com.google.android.gms:play-services-basement:15.0.1] AndroidManifest.xml:22:5-26:19
MERGED from [com.google.android.gms:play-services-basement:15.0.1] AndroidManifest.xml:22:5-26:19
MERGED from [com.android.support:support-v4:26.1.0] AndroidManifest.xml:25:5-29:19
MERGED from [com.android.support:support-v4:26.1.0] AndroidManifest.xml:25:5-29:19
MERGED from [com.android.support:support-fragment:26.1.0] AndroidManifest.xml:25:5-29:19
MERGED from [com.android.support:support-fragment:26.1.0] AndroidManifest.xml:25:5-29:19
MERGED from [com.android.support:support-core-utils:26.1.0] AndroidManifest.xml:25:5-29:19
MERGED from [com.android.support:support-core-utils:26.1.0] AndroidManifest.xml:25:5-29:19
MERGED from [de.hdodenhof:circleimageview:2.2.0] AndroidManifest.xml:9:5-20
MERGED from [de.hdodenhof:circleimageview:2.2.0] AndroidManifest.xml:9:5-20
MERGED from [com.android.support.constraint:constraint-layout:1.1.0] AndroidManifest.xml:9:5-20
MERGED from [com.android.support.constraint:constraint-layout:1.1.0] AndroidManifest.xml:9:5-20
MERGED from [com.android.support:animated-vector-drawable:26.1.0] AndroidManifest.xml:22:5-26:19
MERGED from [com.android.support:animated-vector-drawable:26.1.0] AndroidManifest.xml:22:5-26:19
MERGED from [com.android.support:support-vector-drawable:26.1.0] AndroidManifest.xml:22:5-26:19
MERGED from [com.android.support:support-vector-drawable:26.1.0] AndroidManifest.xml:22:5-26:19
MERGED from [com.android.support:recyclerview-v7:26.1.0] AndroidManifest.xml:22:5-26:19
MERGED from [com.android.support:recyclerview-v7:26.1.0] AndroidManifest.xml:22:5-26:19
MERGED from [com.android.support:support-media-compat:26.1.0] AndroidManifest.xml:25:5-29:19
MERGED from [com.android.support:support-media-compat:26.1.0] AndroidManifest.xml:25:5-29:19
MERGED from [com.android.support:support-core-ui:26.1.0] AndroidManifest.xml:25:5-29:19
MERGED from [com.android.support:support-core-ui:26.1.0] AndroidManifest.xml:25:5-29:19
MERGED from [com.android.support:support-compat:26.1.0] AndroidManifest.xml:25:5-29:19
MERGED from [com.android.support:support-compat:26.1.0] AndroidManifest.xml:25:5-29:19
MERGED from [android.arch.lifecycle:runtime:1.0.0] AndroidManifest.xml:24:5-28:19
MERGED from [android.arch.lifecycle:runtime:1.0.0] AndroidManifest.xml:24:5-28:19
MERGED from [com.google.android.gms:play-services-measurement-base:15.0.2] AndroidManifest.xml:22:5-20
MERGED from [com.google.android.gms:play-services-measurement-base:15.0.2] AndroidManifest.xml:22:5-20
	android:supportsRtl
		ADDED from src\main\AndroidManifest.xml:23:9-35
	android:label
		ADDED from src\main\AndroidManifest.xml:21:9-41
	android:roundIcon
		ADDED from src\main\AndroidManifest.xml:22:9-48
	android:icon
		ADDED from src\main\AndroidManifest.xml:20:9-43
	android:allowBackup
		ADDED from src\main\AndroidManifest.xml:19:9-35
	android:theme
		ADDED from src\main\AndroidManifest.xml:24:9-52
	android:name
		ADDED from src\main\AndroidManifest.xml:18:9-62
activity#com.janesh.attendancecam.SignUp
ADDED from src\main\AndroidManifest.xml:25:9-29:20
	android:name
		ADDED from src\main\AndroidManifest.xml:25:19-65
meta-data#android.support.PARENT_ACTIVITY
ADDED from src\main\AndroidManifest.xml:26:13-28:73
	android:value
		ADDED from src\main\AndroidManifest.xml:28:17-70
	android:name
		ADDED from src\main\AndroidManifest.xml:27:17-63
activity#com.janesh.attendancecam.Menu
ADDED from src\main\AndroidManifest.xml:30:9-34:20
	android:name
		ADDED from src\main\AndroidManifest.xml:30:19-63
activity#com.janesh.attendancecam.TakeAttendance
ADDED from src\main\AndroidManifest.xml:35:9-39:20
	android:name
		ADDED from src\main\AndroidManifest.xml:35:19-73
activity#com.janesh.attendancecam.EditCourses
ADDED from src\main\AndroidManifest.xml:40:9-82
	android:name
		ADDED from src\main\AndroidManifest.xml:40:19-70
activity#com.janesh.attendancecam.AddCourse
ADDED from src\main\AndroidManifest.xml:41:9-45:20
	android:name
		ADDED from src\main\AndroidManifest.xml:41:19-68
activity#com.janesh.attendancecam.EditStudents
ADDED from src\main\AndroidManifest.xml:46:9-50:20
	android:name
		ADDED from src\main\AndroidManifest.xml:46:19-71
activity#com.janesh.attendancecam.AddStudent
ADDED from src\main\AndroidManifest.xml:51:9-55:20
	android:name
		ADDED from src\main\AndroidManifest.xml:51:19-69
activity#com.janesh.attendancecam.ImportStudentsByExcel
ADDED from src\main\AndroidManifest.xml:56:9-60:20
	android:name
		ADDED from src\main\AndroidManifest.xml:56:19-80
activity#com.janesh.attendancecam.SignIn
ADDED from src\main\AndroidManifest.xml:61:9-68
	android:name
		ADDED from src\main\AndroidManifest.xml:61:19-65
activity#com.janesh.attendancecam.MainActivity
ADDED from src\main\AndroidManifest.xml:63:9-69:20
	android:name
		ADDED from src\main\AndroidManifest.xml:63:19-71
intent-filter#action:name:android.intent.action.MAIN+category:name:android.intent.category.LAUNCHER
ADDED from src\main\AndroidManifest.xml:64:13-68:29
action#android.intent.action.MAIN
ADDED from src\main\AndroidManifest.xml:65:17-69
	android:name
		ADDED from src\main\AndroidManifest.xml:65:25-66
category#android.intent.category.LAUNCHER
ADDED from src\main\AndroidManifest.xml:67:17-77
	android:name
		ADDED from src\main\AndroidManifest.xml:67:27-74
uses-sdk
INJECTED from src\main\AndroidManifest.xml reason: use-sdk injection requested
INJECTED from src\main\AndroidManifest.xml
INJECTED from src\main\AndroidManifest.xml
MERGED from [com.android.support:design:26.1.0] AndroidManifest.xml:21:5-23:62
MERGED from [com.android.support:design:26.1.0] AndroidManifest.xml:21:5-23:62
MERGED from [com.android.support:appcompat-v7:26.1.0] AndroidManifest.xml:21:5-23:78
MERGED from [com.android.support:appcompat-v7:26.1.0] AndroidManifest.xml:21:5-23:78
MERGED from [com.amitshekhar.android:debug-db:1.0.3] AndroidManifest.xml:25:5-27:41
MERGED from [com.amitshekhar.android:debug-db:1.0.3] AndroidManifest.xml:25:5-27:41
MERGED from [android.arch.persistence.room:runtime:1.0.0] AndroidManifest.xml:20:5-22:41
MERGED from [android.arch.persistence.room:runtime:1.0.0] AndroidManifest.xml:20:5-22:41
MERGED from [com.android.support:support-v13:26.1.0] AndroidManifest.xml:21:5-23:55
MERGED from [com.android.support:support-v13:26.1.0] AndroidManifest.xml:21:5-23:55
MERGED from [com.android.support:transition:26.1.0] AndroidManifest.xml:20:5-44
MERGED from [com.android.support:transition:26.1.0] AndroidManifest.xml:20:5-44
MERGED from [com.google.firebase:firebase-auth:15.1.0] AndroidManifest.xml:20:5-44
MERGED from [com.google.firebase:firebase-auth:15.1.0] AndroidManifest.xml:20:5-44
MERGED from [com.google.firebase:firebase-database:15.0.1] AndroidManifest.xml:6:5-44
MERGED from [com.google.firebase:firebase-database:15.0.1] AndroidManifest.xml:6:5-44
MERGED from [com.google.android.gms:play-services-flags:15.0.1] AndroidManifest.xml:20:5-44
MERGED from [com.google.android.gms:play-services-flags:15.0.1] AndroidManifest.xml:20:5-44
MERGED from [com.google.firebase:firebase-auth-interop:15.0.2] AndroidManifest.xml:5:5-44
MERGED from [com.google.firebase:firebase-auth-interop:15.0.2] AndroidManifest.xml:5:5-44
MERGED from [com.google.firebase:firebase-core:15.0.2] AndroidManifest.xml:5:5-44
MERGED from [com.google.firebase:firebase-core:15.0.2] AndroidManifest.xml:5:5-44
MERGED from [com.google.firebase:firebase-measurement-connector-impl:15.0.0] AndroidManifest.xml:20:5-44
MERGED from [com.google.firebase:firebase-measurement-connector-impl:15.0.0] AndroidManifest.xml:20:5-44
MERGED from [com.google.firebase:firebase-database-connection:15.0.1] AndroidManifest.xml:6:5-44
MERGED from [com.google.firebase:firebase-database-connection:15.0.1] AndroidManifest.xml:6:5-44
MERGED from [com.google.firebase:firebase-analytics:15.0.2] AndroidManifest.xml:20:5-44
MERGED from [com.google.firebase:firebase-analytics:15.0.2] AndroidManifest.xml:20:5-44
MERGED from [com.google.firebase:firebase-analytics-impl:15.0.2] AndroidManifest.xml:20:5-44
MERGED from [com.google.firebase:firebase-analytics-impl:15.0.2] AndroidManifest.xml:20:5-44
MERGED from [com.google.firebase:firebase-iid:15.1.0] AndroidManifest.xml:20:5-44
MERGED from [com.google.firebase:firebase-iid:15.1.0] AndroidManifest.xml:20:5-44
MERGED from [com.google.firebase:firebase-iid-interop:15.0.0] AndroidManifest.xml:5:5-44
MERGED from [com.google.firebase:firebase-iid-interop:15.0.0] AndroidManifest.xml:5:5-44
MERGED from [com.google.android.gms:play-services-base:15.0.1] AndroidManifest.xml:20:5-44
MERGED from [com.google.android.gms:play-services-base:15.0.1] AndroidManifest.xml:20:5-44
MERGED from [com.google.firebase:firebase-common:15.0.1] AndroidManifest.xml:5:5-44
MERGED from [com.google.firebase:firebase-common:15.0.1] AndroidManifest.xml:5:5-44
MERGED from [com.google.android.gms:play-services-tasks:15.0.1] AndroidManifest.xml:5:5-44
MERGED from [com.google.android.gms:play-services-tasks:15.0.1] AndroidManifest.xml:5:5-44
MERGED from [com.google.firebase:firebase-database-collection:15.0.1] AndroidManifest.xml:6:5-44
MERGED from [com.google.firebase:firebase-database-collection:15.0.1] AndroidManifest.xml:6:5-44
MERGED from [com.google.android.gms:play-services-stats:15.0.1] AndroidManifest.xml:5:5-44
MERGED from [com.google.android.gms:play-services-stats:15.0.1] AndroidManifest.xml:5:5-44
MERGED from [com.google.firebase:firebase-measurement-connector:15.0.0] AndroidManifest.xml:20:5-44
MERGED from [com.google.firebase:firebase-measurement-connector:15.0.0] AndroidManifest.xml:20:5-44
MERGED from [com.google.android.gms:play-services-ads-identifier:15.0.1] AndroidManifest.xml:20:5-44
MERGED from [com.google.android.gms:play-services-ads-identifier:15.0.1] AndroidManifest.xml:20:5-44
MERGED from [com.google.android.gms:play-services-basement:15.0.1] AndroidManifest.xml:20:5-44
MERGED from [com.google.android.gms:play-services-basement:15.0.1] AndroidManifest.xml:20:5-44
MERGED from [com.android.support:support-v4:26.1.0] AndroidManifest.xml:21:5-23:54
MERGED from [com.android.support:support-v4:26.1.0] AndroidManifest.xml:21:5-23:54
MERGED from [com.android.support:support-fragment:26.1.0] AndroidManifest.xml:21:5-23:60
MERGED from [com.android.support:support-fragment:26.1.0] AndroidManifest.xml:21:5-23:60
MERGED from [com.android.support:support-core-utils:26.1.0] AndroidManifest.xml:21:5-23:61
MERGED from [com.android.support:support-core-utils:26.1.0] AndroidManifest.xml:21:5-23:61
MERGED from [de.hdodenhof:circleimageview:2.2.0] AndroidManifest.xml:5:5-7:41
MERGED from [de.hdodenhof:circleimageview:2.2.0] AndroidManifest.xml:5:5-7:41
MERGED from [com.android.support.constraint:constraint-layout:1.1.0] AndroidManifest.xml:5:5-7:41
MERGED from [com.android.support.constraint:constraint-layout:1.1.0] AndroidManifest.xml:5:5-7:41
MERGED from [com.pixplicity.easyprefs:library:1.9.0] AndroidManifest.xml:8:5-10:41
MERGED from [com.pixplicity.easyprefs:library:1.9.0] AndroidManifest.xml:8:5-10:41
MERGED from [com.microsoft.projectoxford:face:1.4.3] AndroidManifest.xml:6:5-8:41
MERGED from [com.microsoft.projectoxford:face:1.4.3] AndroidManifest.xml:6:5-8:41
MERGED from [com.android.support:animated-vector-drawable:26.1.0] AndroidManifest.xml:20:5-44
MERGED from [com.android.support:animated-vector-drawable:26.1.0] AndroidManifest.xml:20:5-44
MERGED from [com.android.support:support-vector-drawable:26.1.0] AndroidManifest.xml:20:5-44
MERGED from [com.android.support:support-vector-drawable:26.1.0] AndroidManifest.xml:20:5-44
MERGED from [com.android.support:recyclerview-v7:26.1.0] AndroidManifest.xml:20:5-44
MERGED from [com.android.support:recyclerview-v7:26.1.0] AndroidManifest.xml:20:5-44
MERGED from [com.android.support:support-media-compat:26.1.0] AndroidManifest.xml:21:5-23:63
MERGED from [com.android.support:support-media-compat:26.1.0] AndroidManifest.xml:21:5-23:63
MERGED from [com.android.support:support-core-ui:26.1.0] AndroidManifest.xml:21:5-23:58
MERGED from [com.android.support:support-core-ui:26.1.0] AndroidManifest.xml:21:5-23:58
MERGED from [com.android.support:support-compat:26.1.0] AndroidManifest.xml:21:5-23:58
MERGED from [com.android.support:support-compat:26.1.0] AndroidManifest.xml:21:5-23:58
MERGED from [android.arch.persistence:db-framework:1.0.0] AndroidManifest.xml:20:5-22:41
MERGED from [android.arch.persistence:db-framework:1.0.0] AndroidManifest.xml:20:5-22:41
MERGED from [android.arch.persistence:db:1.0.0] AndroidManifest.xml:20:5-22:41
MERGED from [android.arch.persistence:db:1.0.0] AndroidManifest.xml:20:5-22:41
MERGED from [android.arch.core:runtime:1.0.0] AndroidManifest.xml:20:5-22:41
MERGED from [android.arch.core:runtime:1.0.0] AndroidManifest.xml:20:5-22:41
MERGED from [android.arch.lifecycle:runtime:1.0.0] AndroidManifest.xml:20:5-22:41
MERGED from [android.arch.lifecycle:runtime:1.0.0] AndroidManifest.xml:20:5-22:41
MERGED from [net.zetetic:android-database-sqlcipher:3.5.7] AndroidManifest.xml:3:3-40
MERGED from [net.zetetic:android-database-sqlcipher:3.5.7] AndroidManifest.xml:3:3-40
MERGED from [com.google.android.gms:play-services-measurement-base:15.0.2] AndroidManifest.xml:20:5-44
MERGED from [com.google.android.gms:play-services-measurement-base:15.0.2] AndroidManifest.xml:20:5-44
INJECTED from src\main\AndroidManifest.xml
INJECTED from src\main\AndroidManifest.xml
	tools:overrideLibrary
		ADDED from [com.android.support:design:26.1.0] AndroidManifest.xml:23:9-59
	android:targetSdkVersion
		INJECTED from src\main\AndroidManifest.xml
		ADDED from src\main\AndroidManifest.xml
		INJECTED from src\main\AndroidManifest.xml
	android:minSdkVersion
		INJECTED from src\main\AndroidManifest.xml
		ADDED from src\main\AndroidManifest.xml
		INJECTED from src\main\AndroidManifest.xml
meta-data#android.support.VERSION
ADDED from [com.android.support:design:26.1.0] AndroidManifest.xml:26:9-28:38
MERGED from [com.android.support:appcompat-v7:26.1.0] AndroidManifest.xml:26:9-28:38
MERGED from [com.android.support:appcompat-v7:26.1.0] AndroidManifest.xml:26:9-28:38
MERGED from [com.android.support:support-v13:26.1.0] AndroidManifest.xml:26:9-28:38
MERGED from [com.android.support:support-v13:26.1.0] AndroidManifest.xml:26:9-28:38
MERGED from [com.android.support:transition:26.1.0] AndroidManifest.xml:23:9-25:38
MERGED from [com.android.support:transition:26.1.0] AndroidManifest.xml:23:9-25:38
MERGED from [com.android.support:support-v4:26.1.0] AndroidManifest.xml:26:9-28:38
MERGED from [com.android.support:support-v4:26.1.0] AndroidManifest.xml:26:9-28:38
MERGED from [com.android.support:support-fragment:26.1.0] AndroidManifest.xml:26:9-28:38
MERGED from [com.android.support:support-fragment:26.1.0] AndroidManifest.xml:26:9-28:38
MERGED from [com.android.support:support-core-utils:26.1.0] AndroidManifest.xml:26:9-28:38
MERGED from [com.android.support:support-core-utils:26.1.0] AndroidManifest.xml:26:9-28:38
MERGED from [com.android.support:animated-vector-drawable:26.1.0] AndroidManifest.xml:23:9-25:38
MERGED from [com.android.support:animated-vector-drawable:26.1.0] AndroidManifest.xml:23:9-25:38
MERGED from [com.android.support:support-vector-drawable:26.1.0] AndroidManifest.xml:23:9-25:38
MERGED from [com.android.support:support-vector-drawable:26.1.0] AndroidManifest.xml:23:9-25:38
MERGED from [com.android.support:recyclerview-v7:26.1.0] AndroidManifest.xml:23:9-25:38
MERGED from [com.android.support:recyclerview-v7:26.1.0] AndroidManifest.xml:23:9-25:38
MERGED from [com.android.support:support-media-compat:26.1.0] AndroidManifest.xml:26:9-28:38
MERGED from [com.android.support:support-media-compat:26.1.0] AndroidManifest.xml:26:9-28:38
MERGED from [com.android.support:support-core-ui:26.1.0] AndroidManifest.xml:26:9-28:38
MERGED from [com.android.support:support-core-ui:26.1.0] AndroidManifest.xml:26:9-28:38
MERGED from [com.android.support:support-compat:26.1.0] AndroidManifest.xml:26:9-28:38
MERGED from [com.android.support:support-compat:26.1.0] AndroidManifest.xml:26:9-28:38
	android:value
		ADDED from [com.android.support:design:26.1.0] AndroidManifest.xml:28:13-35
	android:name
		ADDED from [com.android.support:design:26.1.0] AndroidManifest.xml:27:13-51
uses-permission#android.permission.ACCESS_WIFI_STATE
ADDED from [com.amitshekhar.android:debug-db:1.0.3] AndroidManifest.xml:30:5-76
	android:name
		ADDED from [com.amitshekhar.android:debug-db:1.0.3] AndroidManifest.xml:30:22-73
provider#com.amitshekhar.DebugDBInitProvider
ADDED from [com.amitshekhar.android:debug-db:1.0.3] AndroidManifest.xml:33:9-37:40
	android:enabled
		ADDED from [com.amitshekhar.android:debug-db:1.0.3] AndroidManifest.xml:36:13-35
	android:authorities
		ADDED from [com.amitshekhar.android:debug-db:1.0.3] AndroidManifest.xml:35:13-71
	android:exported
		ADDED from [com.amitshekhar.android:debug-db:1.0.3] AndroidManifest.xml:37:13-37
	android:name
		ADDED from [com.amitshekhar.android:debug-db:1.0.3] AndroidManifest.xml:34:13-63
activity#com.google.firebase.auth.internal.FederatedSignInActivity
ADDED from [com.google.firebase:firebase-auth:15.1.0] AndroidManifest.xml:23:9-29:75
	android:excludeFromRecents
		ADDED from [com.google.firebase:firebase-auth:15.1.0] AndroidManifest.xml:25:13-46
	android:launchMode
		ADDED from [com.google.firebase:firebase-auth:15.1.0] AndroidManifest.xml:27:13-48
	android:exported
		ADDED from [com.google.firebase:firebase-auth:15.1.0] AndroidManifest.xml:26:13-36
	android:permission
		ADDED from [com.google.firebase:firebase-auth:15.1.0] AndroidManifest.xml:28:13-102
	android:theme
		ADDED from [com.google.firebase:firebase-auth:15.1.0] AndroidManifest.xml:29:13-72
	android:name
		ADDED from [com.google.firebase:firebase-auth:15.1.0] AndroidManifest.xml:24:13-85
service#com.google.firebase.components.ComponentDiscoveryService
ADDED from [com.google.firebase:firebase-auth:15.1.0] AndroidManifest.xml:31:9-35:19
MERGED from [com.google.firebase:firebase-measurement-connector-impl:15.0.0] AndroidManifest.xml:27:9-31:19
MERGED from [com.google.firebase:firebase-measurement-connector-impl:15.0.0] AndroidManifest.xml:27:9-31:19
MERGED from [com.google.firebase:firebase-iid:15.1.0] AndroidManifest.xml:35:9-39:19
MERGED from [com.google.firebase:firebase-iid:15.1.0] AndroidManifest.xml:35:9-39:19
	android:name
		ADDED from [com.google.firebase:firebase-auth:15.1.0] AndroidManifest.xml:31:18-89
meta-data#com.google.firebase.components:com.google.firebase.auth.FirebaseAuthRegistrar
ADDED from [com.google.firebase:firebase-auth:15.1.0] AndroidManifest.xml:32:13-34:85
	android:value
		ADDED from [com.google.firebase:firebase-auth:15.1.0] AndroidManifest.xml:34:17-82
	android:name
		ADDED from [com.google.firebase:firebase-auth:15.1.0] AndroidManifest.xml:33:17-109
uses-permission#android.permission.ACCESS_NETWORK_STATE
ADDED from [com.google.firebase:firebase-measurement-connector-impl:15.0.0] AndroidManifest.xml:23:5-79
MERGED from [com.google.firebase:firebase-analytics:15.0.2] AndroidManifest.xml:24:5-79
MERGED from [com.google.firebase:firebase-analytics:15.0.2] AndroidManifest.xml:24:5-79
MERGED from [com.google.firebase:firebase-analytics-impl:15.0.2] AndroidManifest.xml:24:5-79
MERGED from [com.google.firebase:firebase-analytics-impl:15.0.2] AndroidManifest.xml:24:5-79
MERGED from [com.google.firebase:firebase-iid:15.1.0] AndroidManifest.xml:22:5-79
MERGED from [com.google.firebase:firebase-iid:15.1.0] AndroidManifest.xml:22:5-79
	android:name
		ADDED from [com.google.firebase:firebase-measurement-connector-impl:15.0.0] AndroidManifest.xml:23:22-76
uses-permission#android.permission.WAKE_LOCK